<?xml version="1.0" encoding="UTF-8"?>
<!-- Generated by org.testng.reporters.JUnitReportReporter -->
<testsuite hostname="DESKTOP-LHQEHTF" failures="0" tests="2" name="libra_Module.AddCase" time="8.321" errors="0" timestamp="2022-12-01T06:54:38 IST" skipped="0">
  <testcase classname="libra_Module.AddCase" name="test19_checkAddCaseManually" time="3.353"/>
  <system-out>
    <![CDATA[CHECKING ADD CASE MANUALLY<b> <font color='blue' font size = 4> ==> PASS</font></b>]]>
  </system-out>
  <testcase classname="libra_Module.AddCase" name="test0001_checkLogin" time="4.968"/>
  <system-out>
    <![CDATA[CHECKING LOGIN WITH VALID EMAIL AND VAILD PASSWORD<b> <font color='blue' font size = 4> ==> PASS</font></b>]]>
  </system-out>
</testsuite> <!-- libra_Module.AddCase -->
