<?xml version="1.0" encoding="UTF-8"?>
<!-- Generated by org.testng.reporters.JUnitReportReporter -->
<testsuite hostname="DESKTOP-LHQEHTF" failures="0" tests="10" name="libra_Module.Login" time="20.723" errors="0" timestamp="2022-11-15T15:23:06 IST" skipped="0">
  <testcase classname="libra_Module.Login" name="test06_checkInvalidEmailValPwd" time="9.028"/>
  <system-out>
    <![CDATA[CHECKING INVALID EMAIL AND VALID PASSWORD<b> <font color='blue' font size = 4> ==> PASS</font></b>]]>
  </system-out>
  <testcase classname="libra_Module.Login" name="test10_checkLogin" time="6.482"/>
  <system-out>
    <![CDATA[CHECKING LOGIN WITH VALID EMAIL AND VAILD PASSWORD<b> <font color='blue' font size = 4> ==> PASS</font></b>]]>
  </system-out>
  <testcase classname="libra_Module.Login" name="test08_checkInvalidEmailAndPwd" time="1.341"/>
  <system-out>
    <![CDATA[CHECKING INVALID EMAIL AND PASSWORD<b> <font color='blue' font size = 4> ==> PASS</font></b>]]>
  </system-out>
  <testcase classname="libra_Module.Login" name="test05_checkValEmailLess8CharPwd" time="0.562"/>
  <system-out>
    <![CDATA[CHECKING VALID EMAIL AND PASSWORD WITH LESS THAN 8 CHARACTERS<b> <font color='blue' font size = 4> ==> PASS</font></b>]]>
  </system-out>
  <testcase classname="libra_Module.Login" name="test01_checkNullEmailandPassword" time="0.401"/>
  <system-out>
    <![CDATA[CHECKING NULL EMAIL AND PASSWORD<b> <font color='blue' font size = 4> ==> PASS</font></b>]]>
  </system-out>
  <testcase classname="libra_Module.Login" name="test02_checkNullEmail" time="0.466"/>
  <system-out>
    <![CDATA[CHECKING NULL EMAIL<b> <font color='blue' font size = 4> ==> PASS</font></b>]]>
  </system-out>
  <testcase classname="libra_Module.Login" name="test04_checkValEmailInvalidPwd" time="0.965"/>
  <system-out>
    <![CDATA[CHECKING VALID EMAIL AND INVALID PASSWORD<b> <font color='blue' font size = 4> ==> PASS</font></b>]]>
  </system-out>
  <testcase classname="libra_Module.Login" name="test07_checkInvalidEmailLess8CharPwd" time="0.414"/>
  <system-out>
    <![CDATA[CHECKING INVALID EMAIL AND PASSWORD WITH LESS THAN 8 CHARACTERS<b> <font color='blue' font size = 4> ==> PASS</font></b>]]>
  </system-out>
  <testcase classname="libra_Module.Login" name="test03_checkPwdNull" time="0.476"/>
  <system-out>
    <![CDATA[CHECKING NULL PASSWORD<b> <font color='blue' font size = 4> ==> PASS</font></b>]]>
  </system-out>
  <testcase classname="libra_Module.Login" name="test09_checkLess8CharEmailPwd" time="0.588"/>
  <system-out>
    <![CDATA[CHECKING LESS THAN 8 CHARACTERS EMAIL AND PASSWORD<b> <font color='blue' font size = 4> ==> PASS</font></b>]]>
  </system-out>
</testsuite> <!-- libra_Module.Login -->
