<?xml version="1.0" encoding="UTF-8"?>
<!-- Generated by org.testng.reporters.JUnitReportReporter -->
<testsuite hostname="DESKTOP-LHQEHTF" failures="0" tests="2" name="libra_Module.AddCase" time="6.589" errors="0" timestamp="2022-11-17T10:00:08 IST" skipped="0">
  <testcase classname="libra_Module.AddCase" name="test03_checkAddCaseSupCaseTypeNull" time="2.316"/>
  <system-out>
    <![CDATA[CHECKING ADD CASE SUPREME COURT CASE TYPE NULL<b> <font color='blue' font size = 4> ==> PASS</font></b>]]>
  </system-out>
  <testcase classname="libra_Module.AddCase" name="test0001_checkLogin" time="4.273"/>
  <system-out>
    <![CDATA[CHECKING LOGIN WITH VALID EMAIL AND VAILD PASSWORD<b> <font color='blue' font size = 4> ==> PASS</font></b>]]>
  </system-out>
</testsuite> <!-- libra_Module.AddCase -->
