<?xml version="1.0" encoding="UTF-8"?>
<!-- Generated by org.testng.reporters.JUnitReportReporter -->
<testsuite hostname="DESKTOP-LHQEHTF" failures="0" tests="13" name="libra_Module.Login" time="29.742" errors="0" timestamp="2022-12-16T18:23:21 IST" skipped="0">
  <testcase classname="libra_Module.Login" name="test07_checkInvalidEmailValPwd" time="1.555"/>
  <system-out>
    <![CDATA[CHECKING LOGIN PAGE USING INVALID EMAIL 'automatiosrgntest@gmail.com' AND VALID PASSWORD 'test123$'<b> <font color='blue' font size = 4> ==> PASS</font></b> 
]]>
  </system-out>
  <testcase classname="libra_Module.Login" name="test10_checkLess8CharEmailPwd" time="0.547"/>
  <system-out>
    <![CDATA[CHECKING LOGIN PAGE USING LESS THAN 8 CHARACTERS EMAIL 'test' AND PASSWORD 'test'<b> <font color='blue' font size = 4> ==> PASS</font></b> 
]]>
  </system-out>
  <testcase classname="libra_Module.Login" name="test01_checkHTTPError" time="9.348"/>
  <system-out>
    <![CDATA[THERE ARE NO BROKEN LINKS IN THE LOGIN PAGE<b> <font color='blue' font size = 4> ==> PASS</font></b> 
]]>
  </system-out>
  <testcase classname="libra_Module.Login" name="test11_checkLess8CharEmail" time="1.465"/>
  <system-out>
    <![CDATA[CHECKING LOGIN PAGE USING LESS THAN 8 CHARACTERS EMAIL 'test' AND PASSWORD 'test123$'<b> <font color='blue' font size = 4> ==> PASS</font></b> 
]]>
  </system-out>
  <testcase classname="libra_Module.Login" name="test05_checkValEmailInvalidPwd" time="0.933"/>
  <system-out>
    <![CDATA[CHECKING LOGIN PAGE USING VALID EMAIL 'automationtest@gmail.com' AND INVALID PASSWORD 'test12341234435'<b> <font color='blue' font size = 4> ==> PASS</font></b> 
]]>
  </system-out>
  <testcase classname="libra_Module.Login" name="test06_checkValEmailLess8CharPwd" time="0.667"/>
  <system-out>
    <![CDATA[CHECKING LOGIN PAGE USING VALID EMAIL'automationtest@gmail.com' AND PASSWORD 'test' WITH LESS THAN 8 CHARACTERS<b> <font color='blue' font size = 4> ==> PASS</font></b> 
]]>
  </system-out>
  <testcase classname="libra_Module.Login" name="test13_checkHTTPErrorAfterLogin" time="7.875"/>
  <system-out>
    <![CDATA[THERE ARE NO BROKEN LINKS IN THE LOGIN PAGE<b> <font color='blue' font size = 4> ==> PASS</font></b> 
]]>
  </system-out>
  <testcase classname="libra_Module.Login" name="test02_checkEmailNull" time="0.505"/>
  <system-out>
    <![CDATA[CHECKING LOGIN PAGE USING NULL EMAIL WITH RANDOM PASSWORD'test123$'<b> <font color='blue' font size = 4> ==> PASS</font></b> 
]]>
  </system-out>
  <testcase classname="libra_Module.Login" name="test03_checkPwdNull" time="0.668"/>
  <system-out>
    <![CDATA[CHECKING LOGIN PAGE USING NULL PASSWORD WITH VALID EMAIL 'automationtest@gmail.com'<b> <font color='blue' font size = 4> ==> PASS</font></b> 
]]>
  </system-out>
  <testcase classname="libra_Module.Login" name="test04_checkEmailandPasswordNull" time="0.315"/>
  <system-out>
    <![CDATA[CHECKING LOGIN PAGE USING NULL EMAIL AND PASSWORD<b> <font color='blue' font size = 4> ==> PASS</font></b> 
]]>
  </system-out>
  <testcase classname="libra_Module.Login" name="test08_checkInvalidEmailLess8CharPwd" time="0.605"/>
  <system-out>
    <![CDATA[CHECKING LOGIN PAGE USING INVALID EMAIL 'b@y.com' AND PASSWORD 'test' WITH LESS THAN 8 CHARACTERS<b> <font color='blue' font size = 4> ==> PASS</font></b> 
]]>
  </system-out>
  <testcase classname="libra_Module.Login" name="test12_checkLogin" time="4.383"/>
  <system-out>
    <![CDATA[CHECKING LOGIN PAGE WITH VALID EMAIL 'automationtest@gmail.com' AND VAILD PASSWORD 'Vakil@123'<b> <font color='blue' font size = 4> ==> PASS</font></b> 
]]>
  </system-out>
  <testcase classname="libra_Module.Login" name="test09_checkInvalidEmailAndPwd" time="0.876"/>
  <system-out>
    <![CDATA[CHECKING LOGIN PAGE USING INVALID EMAIL 'c@e.com' AND PASSWORD 'test12345$'<b> <font color='blue' font size = 4> ==> PASS</font></b> 
]]>
  </system-out>
</testsuite> <!-- libra_Module.Login -->
