<?xml version="1.0" encoding="UTF-8"?>
<!-- Generated by org.testng.reporters.JUnitReportReporter -->
<testsuite hostname="DESKTOP-LHQEHTF" failures="0" tests="10" name="Libra.libra_Main_Module.Login" time="10.254" errors="0" timestamp="2022-10-15T22:07:25 IST" skipped="0">
  <testcase classname="Libra.libra_Main_Module.Login" name="test01_checkNullEmailandPassword" time="0.412"/>
  <system-out>
    <![CDATA[CHECKING NULL EMAIL AND PASSWORD<b> <font color='blue' font size = 4> ==> PASS</font></b>]]>
  </system-out>
  <testcase classname="Libra.libra_Main_Module.Login" name="test02_checkNullEmail" time="0.352"/>
  <system-out>
    <![CDATA[CHECKING NULL EMAIL<b> <font color='blue' font size = 4> ==> PASS</font></b>]]>
  </system-out>
  <testcase classname="Libra.libra_Main_Module.Login" name="test03_checkPwdNull" time="0.481"/>
  <system-out>
    <![CDATA[CHECKING NULL PASSWORD<b> <font color='blue' font size = 4> ==> PASS</font></b>]]>
  </system-out>
  <testcase classname="Libra.libra_Main_Module.Login" name="test04_checkValEmailInvalidPwd" time="0.718"/>
  <system-out>
    <![CDATA[CHECKING VALID EMAIL AND INVALID PASSWORD<b> <font color='blue' font size = 4> ==> PASS</font></b>]]>
  </system-out>
  <testcase classname="Libra.libra_Main_Module.Login" name="test05_checkValEmailLess8CharPwd" time="0.572"/>
  <system-out>
    <![CDATA[CHECKING VALID EMAIL AND PASSWORD WITH LESS THAN 8 CHARACTERS<b> <font color='blue' font size = 4> ==> PASS</font></b>]]>
  </system-out>
  <testcase classname="Libra.libra_Main_Module.Login" name="test06_checkInvalidEmailValPwd" time="0.645"/>
  <system-out>
    <![CDATA[CHECKING INVALID EMAIL AND VALID PASSWORD<b> <font color='blue' font size = 4> ==> PASS</font></b>]]>
  </system-out>
  <testcase classname="Libra.libra_Main_Module.Login" name="test07_checkInvalidEmailLess8CharPwd" time="0.576"/>
  <system-out>
    <![CDATA[CHECKING INVALID EMAIL AND PASSWORD WITH LESS THAN 8 CHARACTERS<b> <font color='blue' font size = 4> ==> PASS</font></b>]]>
  </system-out>
  <testcase classname="Libra.libra_Main_Module.Login" name="test08_checkInvalidEmailAndPwd" time="0.665"/>
  <system-out>
    <![CDATA[CHECKING INVALID EMAIL AND PASSWORD<b> <font color='blue' font size = 4> ==> PASS</font></b>]]>
  </system-out>
  <testcase classname="Libra.libra_Main_Module.Login" name="test09_checkLess8CharEmailPwd" time="0.583"/>
  <system-out>
    <![CDATA[CHECKING LESS THAN 8 CHARACTERS EMAIL AND PASSWORD<b> <font color='blue' font size = 4> ==> PASS</font></b>]]>
  </system-out>
  <testcase classname="Libra.libra_Main_Module.Login" name="test10_checkLogin" time="5.250"/>
  <system-out>
    <![CDATA[CHECKING LOGIN WITH VALID EMAIL AND VAILD PASSWORD<b> <font color='blue' font size = 4> ==> PASS</font></b>]]>
  </system-out>
</testsuite> <!-- Libra.libra_Main_Module.Login -->
