<?xml version="1.0" encoding="UTF-8"?>
<!-- Generated by org.testng.reporters.JUnitReportReporter -->
<testsuite hostname="DESKTOP-LHQEHTF" failures="0" tests="28" name="libra_Module.Company" time="370.553" errors="1" timestamp="2022-11-15T18:23:45 IST" skipped="0">
  <testcase classname="libra_Module.Company" name="test0007_checkInvalidNumWebCompany" time="4.021"/>
  <system-out>
    <![CDATA[CHECKING NUMBER IN WEBSITE FOR COMPANY<b> <font color='blue' font size = 4> ==> PASS</font></b>]]>
  </system-out>
  <testcase classname="libra_Module.Company" name="test0015_checkStateSpecCharCompany" time="3.990"/>
  <system-out>
    <![CDATA[CHECKING SPECIAL CHARACTERS IN STATE FOR COMPANY<b> <font color='blue' font size = 4> ==> PASS</font></b>]]>
  </system-out>
  <testcase classname="libra_Module.Company" name="test0017_checkShortPinCompany" time="3.688"/>
  <system-out>
    <![CDATA[CHECKING SHORT IN PIN CODE FOR COMPANY<b> <font color='blue' font size = 4> ==> PASS</font></b>]]>
  </system-out>
  <testcase classname="libra_Module.Company" name="test0001_checkLogin" time="6.829"/>
  <system-out>
    <![CDATA[CHECKING LOGIN WITH VALID EMAIL AND VAILD PASSWORD<b> <font color='blue' font size = 4> ==> PASS</font></b>]]>
  </system-out>
  <testcase classname="libra_Module.Company" name="test0010_checkShortPhoneNumCompany" time="3.613"/>
  <system-out>
    <![CDATA[CHECKING SHORT PHONE NUMBERS FOR COMPANY<b> <font color='blue' font size = 4> ==> PASS</font></b>]]>
  </system-out>
  <testcase classname="libra_Module.Company" name="test0014_checkStateNumbersCompany" time="4.137"/>
  <system-out>
    <![CDATA[CHECKING NUMBERS IN STATE FOR COMPANY<b> <font color='blue' font size = 4> ==> PASS</font></b>]]>
  </system-out>
  <testcase classname="libra_Module.Company" name="test0019_checkNewPersonInvalidTextEmail" time="3.996"/>
  <system-out>
    <![CDATA[CHECKING NEW PERSON EMAIL IS INVALID TEXT IN COMPANY<b> <font color='blue' font size = 4> ==> PASS</font></b>]]>
  </system-out>
  <testcase classname="libra_Module.Company" name="test0018_checkNewPersonNameNull" time="122.177">
    <error message="no such element: Unable to locate element: {&quot;method&quot;:&quot;xpath&quot;,&quot;selector&quot;:&quot;//*[@class=&#039;parsley-required&#039;]&quot;}
  (Session info: chrome=107.0.5304.107)
For documentation on this error, please visit: https://selenium.dev/exceptions/#no_such_element
Build info: version: &#039;4.4.0&#039;, revision: &#039;e5c75ed026a&#039;
System info: host: &#039;DESKTOP-LHQEHTF&#039;, ip: &#039;192.168.29.221&#039;, os.name: &#039;Windows 10&#039;, os.arch: &#039;amd64&#039;, os.version: &#039;10.0&#039;, java.version: &#039;17.0.3&#039;
Driver info: org.openqa.selenium.chrome.ChromeDriver
Command: [863a955e0ee99d10d1645c9aaf76813a, findElement {using=xpath, value=//*[@class=&#039;parsley-required&#039;]}]
Capabilities {acceptInsecureCerts: false, browserName: chrome, browserVersion: 107.0.5304.107, chrome: {chromedriverVersion: 106.0.5249.61 (511755355844..., userDataDir: C:\Users\VAKILS~1\AppData\L...}, goog:chromeOptions: {debuggerAddress: localhost:50318}, networkConnectionEnabled: false, pageLoadStrategy: normal, platformName: WINDOWS, proxy: Proxy(), se:cdp: ws://localhost:50318/devtoo..., se:cdpVersion: 107.0.5304.107, setWindowRect: true, strictFileInteractability: false, timeouts: {implicit: 0, pageLoad: 300000, script: 30000}, unhandledPromptBehavior: dismiss and notify, webauthn:extension:credBlob: true, webauthn:extension:largeBlob: true, webauthn:virtualAuthenticators: true}
Session ID: 863a955e0ee99d10d1645c9aaf76813a" type="org.openqa.selenium.NoSuchElementException">
      <![CDATA[org.openqa.selenium.NoSuchElementException: no such element: Unable to locate element: {"method":"xpath","selector":"//*[@class='parsley-required']"}
  (Session info: chrome=107.0.5304.107)
For documentation on this error, please visit: https://selenium.dev/exceptions/#no_such_element
Build info: version: '4.4.0', revision: 'e5c75ed026a'
System info: host: 'DESKTOP-LHQEHTF', ip: '192.168.29.221', os.name: 'Windows 10', os.arch: 'amd64', os.version: '10.0', java.version: '17.0.3'
Driver info: org.openqa.selenium.chrome.ChromeDriver
Command: [863a955e0ee99d10d1645c9aaf76813a, findElement {using=xpath, value=//*[@class='parsley-required']}]
Capabilities {acceptInsecureCerts: false, browserName: chrome, browserVersion: 107.0.5304.107, chrome: {chromedriverVersion: 106.0.5249.61 (511755355844..., userDataDir: C:\Users\VAKILS~1\AppData\L...}, goog:chromeOptions: {debuggerAddress: localhost:50318}, networkConnectionEnabled: false, pageLoadStrategy: normal, platformName: WINDOWS, proxy: Proxy(), se:cdp: ws://localhost:50318/devtoo..., se:cdpVersion: 107.0.5304.107, setWindowRect: true, strictFileInteractability: false, timeouts: {implicit: 0, pageLoad: 300000, script: 30000}, unhandledPromptBehavior: dismiss and notify, webauthn:extension:credBlob: true, webauthn:extension:largeBlob: true, webauthn:virtualAuthenticators: true}
Session ID: 863a955e0ee99d10d1645c9aaf76813a
at java.base/jdk.internal.reflect.NativeConstructorAccessorImpl.newInstance0(Native Method)
at java.base/jdk.internal.reflect.NativeConstructorAccessorImpl.newInstance(NativeConstructorAccessorImpl.java:77)
at java.base/jdk.internal.reflect.DelegatingConstructorAccessorImpl.newInstance(DelegatingConstructorAccessorImpl.java:45)
at java.base/java.lang.reflect.Constructor.newInstanceWithCaller(Constructor.java:499)
at java.base/java.lang.reflect.Constructor.newInstance(Constructor.java:480)
at org.openqa.selenium.remote.codec.w3c.W3CHttpResponseCodec.createException(W3CHttpResponseCodec.java:200)
at org.openqa.selenium.remote.codec.w3c.W3CHttpResponseCodec.decode(W3CHttpResponseCodec.java:133)
at org.openqa.selenium.remote.codec.w3c.W3CHttpResponseCodec.decode(W3CHttpResponseCodec.java:53)
at org.openqa.selenium.remote.HttpCommandExecutor.execute(HttpCommandExecutor.java:184)
at org.openqa.selenium.remote.service.DriverCommandExecutor.invokeExecute(DriverCommandExecutor.java:167)
at org.openqa.selenium.remote.service.DriverCommandExecutor.execute(DriverCommandExecutor.java:142)
at org.openqa.selenium.remote.RemoteWebDriver.execute(RemoteWebDriver.java:547)
at org.openqa.selenium.remote.ElementLocation$ElementFinder$2.findElement(ElementLocation.java:162)
at org.openqa.selenium.remote.ElementLocation.findElement(ElementLocation.java:60)
at org.openqa.selenium.remote.RemoteWebDriver.findElement(RemoteWebDriver.java:365)
at org.openqa.selenium.remote.RemoteWebDriver.findElement(RemoteWebDriver.java:357)
at selenium_module_Test.CommonFunctions.stringComparion(CommonFunctions.java:42)
at libra_Test.CompanyTest.NewPersonNameNull(CompanyTest.java:512)
at libra_Module.Company.test0018_checkNewPersonNameNull(Company.java:187)
at java.base/jdk.internal.reflect.NativeMethodAccessorImpl.invoke0(Native Method)
at java.base/jdk.internal.reflect.NativeMethodAccessorImpl.invoke(NativeMethodAccessorImpl.java:77)
at java.base/jdk.internal.reflect.DelegatingMethodAccessorImpl.invoke(DelegatingMethodAccessorImpl.java:43)
at java.base/java.lang.reflect.Method.invoke(Method.java:568)
at org.testng.internal.MethodInvocationHelper.invokeMethod(MethodInvocationHelper.java:133)
at org.testng.internal.TestInvoker.invokeMethod(TestInvoker.java:598)
at org.testng.internal.TestInvoker.invokeTestMethod(TestInvoker.java:173)
at org.testng.internal.MethodRunner.runInSequence(MethodRunner.java:46)
at org.testng.internal.TestInvoker$MethodInvocationAgent.invoke(TestInvoker.java:824)
at org.testng.internal.TestInvoker.invokeTestMethods(TestInvoker.java:146)
at org.testng.internal.TestMethodWorker.invokeTestMethods(TestMethodWorker.java:146)
at org.testng.internal.TestMethodWorker.run(TestMethodWorker.java:128)
at java.base/java.util.ArrayList.forEach(ArrayList.java:1511)
at org.testng.TestRunner.privateRun(TestRunner.java:794)
at org.testng.TestRunner.run(TestRunner.java:596)
at org.testng.SuiteRunner.runTest(SuiteRunner.java:377)
at org.testng.SuiteRunner.runSequentially(SuiteRunner.java:371)
at org.testng.SuiteRunner.privateRun(SuiteRunner.java:332)
at org.testng.SuiteRunner.run(SuiteRunner.java:276)
at org.testng.SuiteRunnerWorker.runSuite(SuiteRunnerWorker.java:53)
at org.testng.SuiteRunnerWorker.run(SuiteRunnerWorker.java:96)
at org.testng.TestNG.runSuitesSequentially(TestNG.java:1212)
at org.testng.TestNG.runSuitesLocally(TestNG.java:1134)
at org.testng.TestNG.runSuites(TestNG.java:1063)
at org.testng.TestNG.run(TestNG.java:1031)
at org.testng.remote.AbstractRemoteTestNG.run(AbstractRemoteTestNG.java:115)
at org.testng.remote.RemoteTestNG.initAndRun(RemoteTestNG.java:251)
at org.testng.remote.RemoteTestNG.main(RemoteTestNG.java:77)
]]>
    </error>
  </testcase> <!-- test0018_checkNewPersonNameNull -->
  <system-out>
    <![CDATA[CHECKING NEW PERSON NAME NULL IN COMPANY<b> <font color='blue' font size = 4> ==> PASS</font></b>]]>
  </system-out>
  <testcase classname="libra_Module.Company" name="test0028_checkEditCompInnerPageEditCompInnerPage" time="20.903"/>
  <system-out>
    <![CDATA[CHECKING EDIT COMPANY FROM INNER PAGE<b> <font color='blue' font size = 4> ==> PASS</font></b>]]>
  </system-out>
  <testcase classname="libra_Module.Company" name="test0008_checkInvalidSpecCharWebCompany" time="3.603"/>
  <system-out>
    <![CDATA[CHECKING SPECIAL CHARACTERS IN WEBSITE FOR COMPANY<b> <font color='blue' font size = 4> ==> PASS</font></b>]]>
  </system-out>
  <testcase classname="libra_Module.Company" name="test0020_checkNewPersonInvalidNumberEmail" time="4.181"/>
  <system-out>
    <![CDATA[CHECKING NEW PERSON EMAIL IS INVALID NUMBER IN COMPANY<b> <font color='blue' font size = 4> ==> PASS</font></b>]]>
  </system-out>
  <testcase classname="libra_Module.Company" name="test0006_checkInvalidTextWebCompany" time="4.466"/>
  <system-out>
    <![CDATA[CHECKING INVALID TEXT IN WEBSITE FOR COMPANY<b> <font color='blue' font size = 4> ==> PASS</font></b>]]>
  </system-out>
  <testcase classname="libra_Module.Company" name="test0009_checkInvalidTextMobileCompany" time="3.592"/>
  <system-out>
    <![CDATA[CHECKING SPECIAL CHARACTERS IN WEBSITE FOR COMPANY<b> <font color='blue' font size = 4> ==> PASS</font></b>]]>
  </system-out>
  <testcase classname="libra_Module.Company" name="test0011_checkCityNumbersCompany" time="3.766"/>
  <system-out>
    <![CDATA[CHECKING NUMBERS IN CITY FOR COMPANY<b> <font color='blue' font size = 4> ==> PASS</font></b>]]>
  </system-out>
  <testcase classname="libra_Module.Company" name="test0025_checkAddCompWithMulExPerson" time="22.015"/>
  <system-out>
    <![CDATA[CHECKING ADD COMPANY WITH MULTIPLE EXISTING PERSON<b> <font color='blue' font size = 4> ==> PASS</font></b>]]>
  </system-out>
  <testcase classname="libra_Module.Company" name="test0012_checkCitySpecCharCompany" time="3.847"/>
  <system-out>
    <![CDATA[CHECKING SPECIAL CHARACTERS IN CITY FOR COMPANY<b> <font color='blue' font size = 4> ==> PASS</font></b>]]>
  </system-out>
  <testcase classname="libra_Module.Company" name="test0002_checkNullCompanyName" time="3.917"/>
  <system-out>
    <![CDATA[CHECKING NULL COMPANY NAME<b> <font color='blue' font size = 4> ==> PASS</font></b>]]>
  </system-out>
  <testcase classname="libra_Module.Company" name="test0024_checkAddCompWithExPerson" time="43.959"/>
  <system-out>
    <![CDATA[CHECKING ADD COMPANY WITH EXISTING PERSON<b> <font color='blue' font size = 4> ==> PASS</font></b>]]>
  </system-out>
  <testcase classname="libra_Module.Company" name="test0027_checkEditCompFromCard" time="19.511"/>
  <system-out>
    <![CDATA[CHECKING EDIT COMPANY FROM CARD OPTION<b> <font color='blue' font size = 4> ==> PASS</font></b>]]>
  </system-out>
  <testcase classname="libra_Module.Company" name="test0004_checkInvalidNumEMailCompany" time="3.699"/>
  <system-out>
    <![CDATA[CHECKING INVALID NUMBER EMAIL FOR COMPANY<b> <font color='blue' font size = 4> ==> PASS</font></b>]]>
  </system-out>
  <testcase classname="libra_Module.Company" name="test0005_checkInvalidSpecharEMailCompany" time="2.918"/>
  <system-out>
    <![CDATA[CHECKING INVALID SPECIAL CHARACTER EMAIL FOR COMPANY<b> <font color='blue' font size = 4> ==> PASS</font></b>]]>
  </system-out>
  <testcase classname="libra_Module.Company" name="test0021_checkNewPersonInvalidSpecialCharEmail" time="4.049"/>
  <system-out>
    <![CDATA[CHECKING NEW PERSON EMAIL IS SPECIAL CHARACTER IN COMPANY<b> <font color='blue' font size = 4> ==> PASS</font></b>]]>
  </system-out>
  <testcase classname="libra_Module.Company" name="test0013_checkCityNumSpecCharTextCompany" time="3.674"/>
  <system-out>
    <![CDATA[CHECKING COMBINATION OF NUMBERS AND SPECIAL CHARACTERS IN CITY FOR COMPANY<b> <font color='blue' font size = 4> ==> PASS</font></b>]]>
  </system-out>
  <testcase classname="libra_Module.Company" name="test0022_checkNewPersonInvalidTextMobile" time="4.150"/>
  <system-out>
    <![CDATA[CHECKING NEW PERSON MOBILE NUMBER IS TEXT IN COMPANY<b> <font color='blue' font size = 4> ==> PASS</font></b>]]>
  </system-out>
  <testcase classname="libra_Module.Company" name="test0003_checkInvalidTextEMailCompany" time="3.211"/>
  <system-out>
    <![CDATA[CHECKING INVALID TEXT EMAIL FOR COMPANY<b> <font color='blue' font size = 4> ==> PASS</font></b>]]>
  </system-out>
  <testcase classname="libra_Module.Company" name="test0016_checkStateNumSpecCharTextCompany" time="3.604"/>
  <system-out>
    <![CDATA[CHECKING COMBINATION OF NUMBERS AND SPECIAL CHARACTERS IN STATE FOR COMPANY<b> <font color='blue' font size = 4> ==> PASS</font></b>]]>
  </system-out>
  <testcase classname="libra_Module.Company" name="test0026_checkAddCompWithNewPerson" time="21.358"/>
  <system-out>
    <![CDATA[CHECKING ADD COMPANY WITH NEW PERSON<b> <font color='blue' font size = 4> ==> PASS</font></b>]]>
  </system-out>
  <testcase classname="libra_Module.Company" name="test0023_checkAddCompWoPerson" time="37.679"/>
  <system-out>
    <![CDATA[CHECKING ADD COMPANY WITHOUT PERSON<b> <font color='blue' font size = 4> ==> PASS</font></b>]]>
  </system-out>
</testsuite> <!-- libra_Module.Company -->
