<?xml version="1.0" encoding="UTF-8"?>
<!-- Generated by org.testng.reporters.JUnitReportReporter -->
<testsuite hostname="DESKTOP-LHQEHTF" failures="0" tests="2" name="libra_Module.AddCase" time="26.272" errors="0" timestamp="2022-11-30T14:02:39 IST" skipped="0">
  <testcase classname="libra_Module.AddCase" name="test19_checkAddCaseManually" time="21.372"/>
  <system-out>
    <![CDATA[CHECKING ADD CASE MANUALLY<b> <font color='blue' font size = 4> ==> PASS</font></b>]]>
  </system-out>
  <testcase classname="libra_Module.AddCase" name="test0001_checkLogin" time="4.900"/>
  <system-out>
    <![CDATA[CHECKING LOGIN WITH VALID EMAIL AND VAILD PASSWORD<b> <font color='blue' font size = 4> ==> PASS</font></b>]]>
  </system-out>
</testsuite> <!-- libra_Module.AddCase -->
