<?xml version="1.0" encoding="UTF-8"?>
<!-- Generated by org.testng.reporters.JUnitReportReporter -->
<testsuite hostname="DESKTOP-LHQEHTF" failures="0" tests="2" name="Libra.libra_Main_Module.Person" time="11.545" errors="0" timestamp="2022-11-06T17:04:08 IST" skipped="0">
  <testcase classname="Libra.libra_Main_Module.Person" name="test0001_checkLogin" time="5.043"/>
  <system-out>
    <![CDATA[CHECKING LOGIN WITH VALID EMAIL AND VAILD PASSWORD<b> <font color='blue' font size = 4> ==> PASS</font></b>]]>
  </system-out>
  <testcase classname="Libra.libra_Main_Module.Person" name="test0025_checkAddPersonWOComp" time="6.502"/>
  <system-out>
    <![CDATA[CHECKING ADD PERSON WIHOUT COMPANY<b> <font color='blue' font size = 4> ==> PASS</font></b>]]>
  </system-out>
</testsuite> <!-- Libra.libra_Main_Module.Person -->
