<?xml version="1.0" encoding="UTF-8"?>
<!-- Generated by org.testng.reporters.JUnitReportReporter -->
<testsuite hostname="DESKTOP-LHQEHTF" failures="0" tests="18" name="Libra.libra_Main_Module.AddCompany" time="97.259" errors="0" timestamp="2022-09-20T13:18:18 IST" skipped="0">
  <testcase classname="Libra.libra_Main_Module.AddCompany" name="test0001_checkLogin" time="4.617"/>
  <system-out>
    <![CDATA[CHECKING LOGIN WITH VALID EMAIL AND VAILD PASSWORD<b> <font color='blue' font size = 4> ==> PASS</font></b>]]>
  </system-out>
  <testcase classname="Libra.libra_Main_Module.AddCompany" name="test0002_checkNullCompanyName" time="2.931"/>
  <system-out>
    <![CDATA[CHECKING NULL COMPANY NAME<b> <font color='blue' font size = 4> ==> PASS</font></b>]]>
  </system-out>
  <testcase classname="Libra.libra_Main_Module.AddCompany" name="test0003_checkInvalidTextEMailCompany" time="3.018"/>
  <system-out>
    <![CDATA[CHECKING INVALID TEXT EMAIL FOR COMPANY<b> <font color='blue' font size = 4> ==> PASS</font></b>]]>
  </system-out>
  <testcase classname="Libra.libra_Main_Module.AddCompany" name="test0004_checkInvalidNumEMailCompany" time="3.156"/>
  <system-out>
    <![CDATA[CHECKING INVALID NUMBER EMAIL FOR COMPANY<b> <font color='blue' font size = 4> ==> PASS</font></b>]]>
  </system-out>
  <testcase classname="Libra.libra_Main_Module.AddCompany" name="test0005_checkInvalidSpecharEMailCompany" time="3.007"/>
  <system-out>
    <![CDATA[CHECKING INVALID SPECIAL CHARACTER EMAIL FOR COMPANY<b> <font color='blue' font size = 4> ==> PASS</font></b>]]>
  </system-out>
  <testcase classname="Libra.libra_Main_Module.AddCompany" name="test0006_checkInvalidTextWebCompany" time="2.842"/>
  <system-out>
    <![CDATA[CHECKING INVALID TEXT IN WEBSITE FOR COMPANY<b> <font color='blue' font size = 4> ==> PASS</font></b>]]>
  </system-out>
  <testcase classname="Libra.libra_Main_Module.AddCompany" name="test0007_checkInvalidNumWebCompany" time="3.586"/>
  <system-out>
    <![CDATA[CHECKING NUMBER IN WEBSITE FOR COMPANY<b> <font color='blue' font size = 4> ==> PASS</font></b>]]>
  </system-out>
  <testcase classname="Libra.libra_Main_Module.AddCompany" name="test0008_checkInvalidSpecCharWebCompany" time="3.599"/>
  <system-out>
    <![CDATA[CHECKING SPECIAL CHARACTERS IN WEBSITE FOR COMPANY<b> <font color='blue' font size = 4> ==> PASS</font></b>]]>
  </system-out>
  <testcase classname="Libra.libra_Main_Module.AddCompany" name="test0009_checkInvalidTextMobileCompany" time="3.409"/>
  <system-out>
    <![CDATA[CHECKING SPECIAL CHARACTERS IN WEBSITE FOR COMPANY<b> <font color='blue' font size = 4> ==> PASS</font></b>]]>
  </system-out>
  <testcase classname="Libra.libra_Main_Module.AddCompany" name="test0010_checkShortPhoneNumCompany" time="3.291"/>
  <system-out>
    <![CDATA[CHECKING SHORT PHONE NUMBERS FOR COMPANY<b> <font color='blue' font size = 4> ==> PASS</font></b>]]>
  </system-out>
  <testcase classname="Libra.libra_Main_Module.AddCompany" name="test0011_checkCityNumbersCompany" time="3.649"/>
  <system-out>
    <![CDATA[CHECKING NUMBERS IN CITY FOR COMPANY<b> <font color='blue' font size = 4> ==> PASS</font></b>]]>
  </system-out>
  <testcase classname="Libra.libra_Main_Module.AddCompany" name="test0012_checkCitySpecCharCompany" time="3.808"/>
  <system-out>
    <![CDATA[CHECKING SPECIAL CHARACTERS IN CITY FOR COMPANY<b> <font color='blue' font size = 4> ==> PASS</font></b>]]>
  </system-out>
  <testcase classname="Libra.libra_Main_Module.AddCompany" name="test0013_checkCityNumSpecCharTextCompany" time="3.498"/>
  <system-out>
    <![CDATA[CHECKING COMBINATION OF NUMBERS AND SPECIAL CHARACTERS IN CITY FOR COMPANY<b> <font color='blue' font size = 4> ==> PASS</font></b>]]>
  </system-out>
  <testcase classname="Libra.libra_Main_Module.AddCompany" name="test0014_checkStateNumbersCompany" time="3.394"/>
  <system-out>
    <![CDATA[CHECKING NUMBERS IN STATE FOR COMPANY<b> <font color='blue' font size = 4> ==> PASS</font></b>]]>
  </system-out>
  <testcase classname="Libra.libra_Main_Module.AddCompany" name="test0015_checkStateSpecCharCompany" time="3.986"/>
  <system-out>
    <![CDATA[CHECKING SPECIAL CHARACTERS IN STATE FOR COMPANY<b> <font color='blue' font size = 4> ==> PASS</font></b>]]>
  </system-out>
  <testcase classname="Libra.libra_Main_Module.AddCompany" name="test0016_checkStateNumSpecCharTextCompany" time="3.503"/>
  <system-out>
    <![CDATA[CHECKING COMBINATION OF NUMBERS AND SPECIAL CHARACTERS IN STATE FOR COMPANY<b> <font color='blue' font size = 4> ==> PASS</font></b>]]>
  </system-out>
  <testcase classname="Libra.libra_Main_Module.AddCompany" name="test0017_checkShortPinCompany" time="3.373"/>
  <system-out>
    <![CDATA[CHECKING SHORT IN PIN CODE FOR COMPANY<b> <font color='blue' font size = 4> ==> PASS</font></b>]]>
  </system-out>
  <testcase classname="Libra.libra_Main_Module.AddCompany" name="test0018_checkAddCompWoPerson" time="38.592"/>
  <system-out>
    <![CDATA[CHECKING ADD COMPANY WITHOUT PERSON<b> <font color='blue' font size = 4> ==> PASS</font></b>]]>
  </system-out>
</testsuite> <!-- Libra.libra_Main_Module.AddCompany -->
