<?xml version="1.0" encoding="UTF-8"?>
<!-- Generated by org.testng.reporters.JUnitReportReporter -->
<testsuite hostname="DESKTOP-LHQEHTF" failures="0" tests="10" name="libra_Module.Login" time="14.108" errors="0" timestamp="2022-11-15T17:33:36 IST" skipped="0">
  <testcase classname="libra_Module.Login" name="test02_checkNullEmail" time="0.724"/>
  <system-out>
    <![CDATA[CHECKING NULL EMAIL<b> <font color='blue' font size = 4> ==> PASS</font></b>]]>
  </system-out>
  <testcase classname="libra_Module.Login" name="test04_checkValEmailInvalidPwd" time="1.125"/>
  <system-out>
    <![CDATA[CHECKING VALID EMAIL AND INVALID PASSWORD<b> <font color='blue' font size = 4> ==> PASS</font></b>]]>
  </system-out>
  <testcase classname="libra_Module.Login" name="test09_checkLess8CharEmailPwd" time="0.792"/>
  <system-out>
    <![CDATA[CHECKING LESS THAN 8 CHARACTERS EMAIL AND PASSWORD<b> <font color='blue' font size = 4> ==> PASS</font></b>]]>
  </system-out>
  <testcase classname="libra_Module.Login" name="test05_checkValEmailLess8CharPwd" time="0.958"/>
  <system-out>
    <![CDATA[CHECKING VALID EMAIL AND PASSWORD WITH LESS THAN 8 CHARACTERS<b> <font color='blue' font size = 4> ==> PASS</font></b>]]>
  </system-out>
  <testcase classname="libra_Module.Login" name="test01_checkNullEmailandPassword" time="0.776"/>
  <system-out>
    <![CDATA[CHECKING NULL EMAIL AND PASSWORD<b> <font color='blue' font size = 4> ==> PASS</font></b>]]>
  </system-out>
  <testcase classname="libra_Module.Login" name="test03_checkPwdNull" time="0.710"/>
  <system-out>
    <![CDATA[CHECKING NULL PASSWORD<b> <font color='blue' font size = 4> ==> PASS</font></b>]]>
  </system-out>
  <testcase classname="libra_Module.Login" name="test06_checkInvalidEmailValPwd" time="0.904"/>
  <system-out>
    <![CDATA[CHECKING INVALID EMAIL AND VALID PASSWORD<b> <font color='blue' font size = 4> ==> PASS</font></b>]]>
  </system-out>
  <testcase classname="libra_Module.Login" name="test07_checkInvalidEmailLess8CharPwd" time="0.929"/>
  <system-out>
    <![CDATA[CHECKING INVALID EMAIL AND PASSWORD WITH LESS THAN 8 CHARACTERS<b> <font color='blue' font size = 4> ==> PASS</font></b>]]>
  </system-out>
  <testcase classname="libra_Module.Login" name="test08_checkInvalidEmailAndPwd" time="2.000"/>
  <system-out>
    <![CDATA[CHECKING INVALID EMAIL AND PASSWORD<b> <font color='blue' font size = 4> ==> PASS</font></b>]]>
  </system-out>
  <testcase classname="libra_Module.Login" name="test10_checkLogin" time="5.190"/>
  <system-out>
    <![CDATA[CHECKING LOGIN WITH VALID EMAIL AND VAILD PASSWORD<b> <font color='blue' font size = 4> ==> PASS</font></b>]]>
  </system-out>
</testsuite> <!-- libra_Module.Login -->
