<?xml version="1.0" encoding="UTF-8"?>
<!-- Generated by org.testng.reporters.JUnitReportReporter -->
<testsuite hostname="DESKTOP-LHQEHTF" failures="0" tests="28" name="Libra.libra_Main_Module.Company" time="211.307" errors="0" timestamp="2022-10-15T22:11:07 IST" skipped="0">
  <testcase classname="Libra.libra_Main_Module.Company" name="test0001_checkLogin" time="4.533"/>
  <system-out>
    <![CDATA[CHECKING LOGIN WITH VALID EMAIL AND VAILD PASSWORD<b> <font color='blue' font size = 4> ==> PASS</font></b>]]>
  </system-out>
  <testcase classname="Libra.libra_Main_Module.Company" name="test0002_checkNullCompanyName" time="2.868"/>
  <system-out>
    <![CDATA[CHECKING NULL COMPANY NAME<b> <font color='blue' font size = 4> ==> PASS</font></b>]]>
  </system-out>
  <testcase classname="Libra.libra_Main_Module.Company" name="test0003_checkInvalidTextEMailCompany" time="3.220"/>
  <system-out>
    <![CDATA[CHECKING INVALID TEXT EMAIL FOR COMPANY<b> <font color='blue' font size = 4> ==> PASS</font></b>]]>
  </system-out>
  <testcase classname="Libra.libra_Main_Module.Company" name="test0004_checkInvalidNumEMailCompany" time="3.130"/>
  <system-out>
    <![CDATA[CHECKING INVALID NUMBER EMAIL FOR COMPANY<b> <font color='blue' font size = 4> ==> PASS</font></b>]]>
  </system-out>
  <testcase classname="Libra.libra_Main_Module.Company" name="test0005_checkInvalidSpecharEMailCompany" time="2.995"/>
  <system-out>
    <![CDATA[CHECKING INVALID SPECIAL CHARACTER EMAIL FOR COMPANY<b> <font color='blue' font size = 4> ==> PASS</font></b>]]>
  </system-out>
  <testcase classname="Libra.libra_Main_Module.Company" name="test0006_checkInvalidTextWebCompany" time="3.806"/>
  <system-out>
    <![CDATA[CHECKING INVALID TEXT IN WEBSITE FOR COMPANY<b> <font color='blue' font size = 4> ==> PASS</font></b>]]>
  </system-out>
  <testcase classname="Libra.libra_Main_Module.Company" name="test0007_checkInvalidNumWebCompany" time="3.822"/>
  <system-out>
    <![CDATA[CHECKING NUMBER IN WEBSITE FOR COMPANY<b> <font color='blue' font size = 4> ==> PASS</font></b>]]>
  </system-out>
  <testcase classname="Libra.libra_Main_Module.Company" name="test0008_checkInvalidSpecCharWebCompany" time="3.773"/>
  <system-out>
    <![CDATA[CHECKING SPECIAL CHARACTERS IN WEBSITE FOR COMPANY<b> <font color='blue' font size = 4> ==> PASS</font></b>]]>
  </system-out>
  <testcase classname="Libra.libra_Main_Module.Company" name="test0009_checkInvalidTextMobileCompany" time="3.697"/>
  <system-out>
    <![CDATA[CHECKING SPECIAL CHARACTERS IN WEBSITE FOR COMPANY<b> <font color='blue' font size = 4> ==> PASS</font></b>]]>
  </system-out>
  <testcase classname="Libra.libra_Main_Module.Company" name="test0010_checkShortPhoneNumCompany" time="3.809"/>
  <system-out>
    <![CDATA[CHECKING SHORT PHONE NUMBERS FOR COMPANY<b> <font color='blue' font size = 4> ==> PASS</font></b>]]>
  </system-out>
  <testcase classname="Libra.libra_Main_Module.Company" name="test0011_checkCityNumbersCompany" time="3.800"/>
  <system-out>
    <![CDATA[CHECKING NUMBERS IN CITY FOR COMPANY<b> <font color='blue' font size = 4> ==> PASS</font></b>]]>
  </system-out>
  <testcase classname="Libra.libra_Main_Module.Company" name="test0012_checkCitySpecCharCompany" time="3.901"/>
  <system-out>
    <![CDATA[CHECKING SPECIAL CHARACTERS IN CITY FOR COMPANY<b> <font color='blue' font size = 4> ==> PASS</font></b>]]>
  </system-out>
  <testcase classname="Libra.libra_Main_Module.Company" name="test0013_checkCityNumSpecCharTextCompany" time="3.690"/>
  <system-out>
    <![CDATA[CHECKING COMBINATION OF NUMBERS AND SPECIAL CHARACTERS IN CITY FOR COMPANY<b> <font color='blue' font size = 4> ==> PASS</font></b>]]>
  </system-out>
  <testcase classname="Libra.libra_Main_Module.Company" name="test0014_checkStateNumbersCompany" time="3.852"/>
  <system-out>
    <![CDATA[CHECKING NUMBERS IN STATE FOR COMPANY<b> <font color='blue' font size = 4> ==> PASS</font></b>]]>
  </system-out>
  <testcase classname="Libra.libra_Main_Module.Company" name="test0015_checkStateSpecCharCompany" time="3.613"/>
  <system-out>
    <![CDATA[CHECKING SPECIAL CHARACTERS IN STATE FOR COMPANY<b> <font color='blue' font size = 4> ==> PASS</font></b>]]>
  </system-out>
  <testcase classname="Libra.libra_Main_Module.Company" name="test0016_checkStateNumSpecCharTextCompany" time="3.957"/>
  <system-out>
    <![CDATA[CHECKING COMBINATION OF NUMBERS AND SPECIAL CHARACTERS IN STATE FOR COMPANY<b> <font color='blue' font size = 4> ==> PASS</font></b>]]>
  </system-out>
  <testcase classname="Libra.libra_Main_Module.Company" name="test0017_checkShortPinCompany" time="3.813"/>
  <system-out>
    <![CDATA[CHECKING SHORT IN PIN CODE FOR COMPANY<b> <font color='blue' font size = 4> ==> PASS</font></b>]]>
  </system-out>
  <testcase classname="Libra.libra_Main_Module.Company" name="test0018_checkNewPersonNameNull" time="3.172"/>
  <system-out>
    <![CDATA[CHECKING NEW PERSON NAME NULL IN COMPANY<b> <font color='blue' font size = 4> ==> PASS</font></b>]]>
  </system-out>
  <testcase classname="Libra.libra_Main_Module.Company" name="test0019_checkNewPersonInvalidTextEmail" time="4.110"/>
  <system-out>
    <![CDATA[CHECKING NEW PERSON EMAIL IS INVALID TEXT IN COMPANY<b> <font color='blue' font size = 4> ==> PASS</font></b>]]>
  </system-out>
  <testcase classname="Libra.libra_Main_Module.Company" name="test0020_checkNewPersonInvalidNumberEmail" time="4.046"/>
  <system-out>
    <![CDATA[CHECKING NEW PERSON EMAIL IS INVALID NUMBER IN COMPANY<b> <font color='blue' font size = 4> ==> PASS</font></b>]]>
  </system-out>
  <testcase classname="Libra.libra_Main_Module.Company" name="test0021_checkNewPersonInvalidSpecialCharEmail" time="4.302"/>
  <system-out>
    <![CDATA[CHECKING NEW PERSON EMAIL IS SPECIAL CHARACTER IN COMPANY<b> <font color='blue' font size = 4> ==> PASS</font></b>]]>
  </system-out>
  <testcase classname="Libra.libra_Main_Module.Company" name="test0022_checkNewPersonInvalidTextMobile" time="4.071"/>
  <system-out>
    <![CDATA[CHECKING NEW PERSON MOBILE NUMBER IS TEXT IN COMPANY<b> <font color='blue' font size = 4> ==> PASS</font></b>]]>
  </system-out>
  <testcase classname="Libra.libra_Main_Module.Company" name="test0023_checkAddCompWoPerson" time="29.883"/>
  <system-out>
    <![CDATA[CHECKING ADD COMPANY WITHOUT PERSON<b> <font color='blue' font size = 4> ==> PASS</font></b>]]>
  </system-out>
  <testcase classname="Libra.libra_Main_Module.Company" name="test0024_checkAddCompWithExPerson" time="19.273"/>
  <system-out>
    <![CDATA[CHECKING ADD COMPANY WITH EXISTING PERSON<b> <font color='blue' font size = 4> ==> PASS</font></b>]]>
  </system-out>
  <testcase classname="Libra.libra_Main_Module.Company" name="test0025_checkAddCompWithMulExPerson" time="20.854"/>
  <system-out>
    <![CDATA[CHECKING ADD COMPANY WITH MULTIPLE EXISTING PERSON<b> <font color='blue' font size = 4> ==> PASS</font></b>]]>
  </system-out>
  <testcase classname="Libra.libra_Main_Module.Company" name="test0026_checkAddCompWithNewPerson" time="20.230"/>
  <system-out>
    <![CDATA[CHECKING ADD COMPANY WITH NEW PERSON<b> <font color='blue' font size = 4> ==> PASS</font></b>]]>
  </system-out>
  <testcase classname="Libra.libra_Main_Module.Company" name="test0027_checkEditCompFromCard" time="19.063"/>
  <system-out>
    <![CDATA[CHECKING EDIT COMPANY FROM CARD OPTION<b> <font color='blue' font size = 4> ==> PASS</font></b>]]>
  </system-out>
  <testcase classname="Libra.libra_Main_Module.Company" name="test0028_checkEditCompInnerPageEditCompInnerPage" time="20.024"/>
  <system-out>
    <![CDATA[CHECKING EDIT COMPANY FROM INNER PAGE<b> <font color='blue' font size = 4> ==> PASS</font></b>]]>
  </system-out>
</testsuite> <!-- Libra.libra_Main_Module.Company -->
