<?xml version="1.0" encoding="UTF-8"?>
<!-- Generated by org.testng.reporters.JUnitReportReporter -->
<testsuite hostname="DESKTOP-LHQEHTF" failures="0" tests="2" name="libra_Module.AddCase" time="56.979" errors="0" timestamp="2022-12-01T16:13:31 IST" skipped="0">
  <testcase classname="libra_Module.AddCase" name="test0001_checkLogin" time="5.356"/>
  <system-out>
    <![CDATA[CHECKING LOGIN WITH VALID EMAIL AND VAILD PASSWORD<b> <font color='blue' font size = 4> ==> PASS</font></b>]]>
  </system-out>
  <testcase classname="libra_Module.AddCase" name="test19_checkAddCaseManually" time="51.623"/>
  <system-out>
    <![CDATA[CHECKING ADD CASE MANUALLY<b> <font color='blue' font size = 4> ==> PASS</font></b>]]>
  </system-out>
</testsuite> <!-- libra_Module.AddCase -->
