<?xml version="1.0" encoding="UTF-8"?>
<!-- Generated by org.testng.reporters.JUnitReportReporter -->
<testsuite hostname="DESKTOP-LHQEHTF" failures="0" tests="1" name="grc_Module.HomePage" time="1.072" errors="0" timestamp="2023-01-09T10:59:56 IST" skipped="0">
  <testcase classname="grc_Module.HomePage" name="test01_checkHomePage" time="1.072"/>
  <system-out>
    <![CDATA[CHECKING META TITLE FOR PAGE 'https://stg.vakilsearch.com/criminal-lawyer'<b> <font color='#40E314' font size = 4> ==> PASS</font></b> 

CHECKING META DESCRIPTION FOR PAGE 'https://stg.vakilsearch.com/criminal-lawyer'<b> <font color='#40E314' font size = 4> ==> PASS</font></b> 
]]>
  </system-out>
</testsuite> <!-- grc_Module.HomePage -->
