<?xml version="1.0" encoding="UTF-8"?>
<!-- Generated by org.testng.reporters.JUnitReportReporter -->
<testsuite hostname="DESKTOP-LHQEHTF" failures="0" tests="8" name="grc_Module.Login" time="4.636" errors="0" timestamp="2022-12-26T08:31:11 IST" skipped="0">
  <testcase classname="grc_Module.Login" name="test06_checkInvalidPassword" time="0.472"/>
  <system-out>
    <![CDATA[CHECKING LOGIN PAGE USING INVALID PASSWORD 'Test786$'<b> <font color='blue' font size = 4> ==> PASS</font></b> 
]]>
  </system-out>
  <testcase classname="grc_Module.Login" name="test07_checkForgotEmailNull" time="0.513"/>
  <system-out>
    <![CDATA[CHECKING PASSWORD RESET PAGE USING NULL VALUE<b> <font color='blue' font size = 4> ==> PASS</font></b> 
]]>
  </system-out>
  <testcase classname="grc_Module.Login" name="test04_checkNullPassword" time="0.407"/>
  <system-out>
    <![CDATA[CHECKING LOGIN PAGE USING NULL PASSWORD<b> <font color='blue' font size = 4> ==> PASS</font></b> 
]]>
  </system-out>
  <testcase classname="grc_Module.Login" name="test03_checkNullEmail" time="0.377"/>
  <system-out>
    <![CDATA[CHECKING LOGIN PAGE USING NULL EMAIL<b> <font color='blue' font size = 4> ==> PASS</font></b> 
]]>
  </system-out>
  <testcase classname="grc_Module.Login" name="test02_checkNullEMailPassword" time="0.188"/>
  <system-out>
    <![CDATA[CHECKING LOGIN PAGE USING NULL EMAIL<b> <font color='blue' font size = 4> ==> PASS</font></b> 

CHECKING LOGIN PAGE USING NULL PASSWORD<b> <font color='blue' font size = 4> ==> PASS</font></b> 
]]>
  </system-out>
  <testcase classname="grc_Module.Login" name="test08_checkForgotInvalidEmail" time="0.975"/>
  <system-out>
    <![CDATA[CHECKING PASSWORD RESET PAGE USING INVALID EMAIL 'automaerhgerhtiontest@gmail.com'<b> <font color='blue' font size = 4> ==> PASS</font></b> 
]]>
  </system-out>
  <testcase classname="grc_Module.Login" name="test01_checkHTTPError" time="0.623"/>
  <system-out>
    <![CDATA[There is no broken links 
<b> <font color='blue' font size = 4> ==> PASS</font></b> 
]]>
  </system-out>
  <testcase classname="grc_Module.Login" name="test05_checkInvalidEmail" time="1.081"/>
  <system-out>
    <![CDATA[CHECKING LOGIN PAGE USING INVALID EMAIL 'automaerhgerhtiontest@gmail.com'<b> <font color='blue' font size = 4> ==> PASS</font></b> 
]]>
  </system-out>
</testsuite> <!-- grc_Module.Login -->
