<?xml version="1.0" encoding="UTF-8"?>
<!-- Generated by org.testng.reporters.JUnitReportReporter -->
<testsuite hostname="DESKTOP-LHQEHTF" failures="0" tests="1" name="grc_Module.HomePage" time="27.959" errors="0" timestamp="2022-12-27T09:42:19 IST" skipped="0">
  <testcase classname="grc_Module.HomePage" name="test01_checkHomePage" time="27.959"/>
  <system-out/>
</testsuite> <!-- grc_Module.HomePage -->
