<?xml version="1.0" encoding="UTF-8"?>
<!-- Generated by org.testng.reporters.JUnitReportReporter -->
<testsuite hostname="DESKTOP-LHQEHTF" failures="0" tests="3" name="grc_Module.Login" time="0.046" errors="0" timestamp="2023-01-03T11:52:25 IST" skipped="0">
  <testcase classname="grc_Module.Login" name="test01_checkHTTPError" time="0.044"/>
  <system-out>
    <![CDATA[THERE IS NO BROKEN LINKS
<b> <font color='#40E314' font size = 4> ==> PASS</font></b> 
]]>
  </system-out>
  <testcase classname="grc_Module.Login" name="test13_checkLogin" time="0.001"/>
  <system-out>
    <![CDATA[The entire case is failed becasue of 'java.lang.NullPointerException: Cannot invoke "org.openqa.selenium.WebDriver.manage()" because "selenium_module_Test.ComFun.driver" is null'
<b> <font color='red' font size = 4> ==> FAIL</font></b> 
]]>
  </system-out>
  <testcase classname="grc_Module.Login" name="test14_checkHTTPErrorAfterLogin" time="0.001"/>
  <system-out>
    <![CDATA[THERE IS NO BROKEN LINKS
<b> <font color='#40E314' font size = 4> ==> PASS</font></b> 
]]>
  </system-out>
</testsuite> <!-- grc_Module.Login -->
