<?xml version="1.0" encoding="UTF-8"?>
<!-- Generated by org.testng.reporters.JUnitReportReporter -->
<testsuite hostname="DESKTOP-LHQEHTF" failures="0" tests="1" name="grc_Module.Login" time="4.371" errors="0" timestamp="2022-12-14T07:39:54 IST" skipped="0">
  <testcase classname="grc_Module.Login" name="test01_checkHTTPError" time="4.371"/>
  <system-out>
    <![CDATA[THERE IS NO BROKEN LINKS IN THE LOGIN PAGE<b> <font color='blue' font size = 4> ==> PASS</font></b> 
]]>
  </system-out>
</testsuite> <!-- grc_Module.Login -->
