<?xml version="1.0" encoding="UTF-8"?>
<!-- Generated by org.testng.reporters.JUnitReportReporter -->
<testsuite hostname="DESKTOP-LHQEHTF" failures="0" tests="2" name="grc_Module.MenuClicks" time="0.003" errors="0" timestamp="2023-01-03T11:52:25 IST" skipped="0">
  <testcase classname="grc_Module.MenuClicks" name="test01_checkLogin" time="0.002"/>
  <system-out>
    <![CDATA[The entire case is failed becasue of 'java.lang.NullPointerException: Cannot invoke "org.openqa.selenium.WebDriver.manage()" because "selenium_module_Test.ComFun.driver" is null'
<b> <font color='red' font size = 4> ==> FAIL</font></b> 
]]>
  </system-out>
  <testcase classname="grc_Module.MenuClicks" name="test07_checkMenuClicksPaymentsSubNav" time="0.001"/>
  <system-out>
    <![CDATA[The entire case is failed becasue of 'java.lang.NullPointerException: Cannot invoke "org.openqa.selenium.WebDriver.get(String)" because "grc_Test.MenuClicksTest.driver" is null'
<b> <font color='red' font size = 4> ==> FAIL</font></b> 
]]>
  </system-out>
</testsuite> <!-- grc_Module.MenuClicks -->
