<?xml version="1.0" encoding="UTF-8"?>
<!-- Generated by org.testng.reporters.JUnitReportReporter -->
<testsuite hostname="DESKTOP-LHQEHTF" failures="0" tests="1" name="grc_Module.Login" time="8.065" errors="0" timestamp="2022-12-13T17:50:48 IST" skipped="0">
  <testcase classname="grc_Module.Login" name="test01_checkLogin" time="8.065"/>
  <system-out>
    <![CDATA[
LOGIN DONE SUCCESSFULLY IN GRC WEB USING THE USERNAME 'AUTOMATIONTEST@GMAIL.COM'<b> <font color='blue' font size = 4> ==> PASS</font></b>]]>
  </system-out>
</testsuite> <!-- grc_Module.Login -->
