<?xml version="1.0" encoding="UTF-8"?>
<!-- Generated by org.testng.reporters.JUnitReportReporter -->
<testsuite hostname="DESKTOP-LHQEHTF" failures="0" tests="2" name="grc_Module.MenuClicks" time="2.387" errors="0" timestamp="2023-01-02T20:27:45 IST" skipped="0">
  <testcase classname="grc_Module.MenuClicks" name="test07_checkMenuClicksMyServices" time="0.289"/>
  <system-out>
    <![CDATA[The entire case is failed becasue of 'org.openqa.selenium.StaleElementReferenceException: stale element reference: element is not attached to the page document
  (Session info: chrome=108.0.5359.125)
For documentation on this error, please visit: https://selenium.dev/exceptions/#stale_element_reference
Build info: version: '4.4.0', revision: 'e5c75ed026a'
System info: host: 'DESKTOP-LHQEHTF', ip: '192.168.29.221', os.name: 'Windows 10', os.arch: 'amd64', os.version: '10.0', java.version: '17.0.3'
Driver info: org.openqa.selenium.chrome.ChromeDriver
Command: [371a5620b376ac72c9fdb07d28b4bafc, clickElement {id=13d89511-8dd8-4374-b43e-c7ad4cffdeb1}]
Capabilities {acceptInsecureCerts: false, browserName: chrome, browserVersion: 108.0.5359.125, chrome: {chromedriverVersion: 108.0.5359.71 (1e0e3868ee06..., userDataDir: C:\Users\VAKILS~1\AppData\L...}, goog:chromeOptions: {debuggerAddress: localhost:50757}, networkConnectionEnabled: false, pageLoadStrategy: normal, platformName: WINDOWS, proxy: Proxy(), se:cdp: ws://localhost:50757/devtoo..., se:cdpVersion: 108.0.5359.125, setWindowRect: true, strictFileInteractability: false, timeouts: {implicit: 0, pageLoad: 300000, script: 30000}, unhandledPromptBehavior: dismiss and notify, webauthn:extension:credBlob: true, webauthn:extension:largeBlob: true, webauthn:virtualAuthenticators: true}
Element: [[ChromeDriver: chrome on WINDOWS (371a5620b376ac72c9fdb07d28b4bafc)] -> xpath: //*[@alt='My Services']]
Session ID: 371a5620b376ac72c9fdb07d28b4bafc'
<b> <font color='red' font size = 4> ==> FAIL</font></b> 
]]>
  </system-out>
  <testcase classname="grc_Module.MenuClicks" name="test01_checkLogin" time="2.098"/>
  <system-out>
    <![CDATA[LOGIN DONE SUCCESSFULLY IN GRC WEB USING THE USERNAME 'automationtest@gmail.com' AND PASSWORD 'Vakil@123'
<b> <font color='#40E314' font size = 4> ==> PASS</font></b> 
]]>
  </system-out>
</testsuite> <!-- grc_Module.MenuClicks -->
