<?xml version="1.0" encoding="UTF-8"?>
<!-- Generated by org.testng.reporters.JUnitReportReporter -->
<testsuite hostname="DESKTOP-LHQEHTF" failures="0" tests="1" name="grc_Module.Dashbaord" time="7.555" errors="0" timestamp="2022-12-21T19:02:21 IST" skipped="0">
  <testcase classname="grc_Module.Dashbaord" name="test02_checkLogin" time="7.555"/>
  <system-out>
    <![CDATA[Login done successfully in grc web using the username 'automationtest@gmail.com'
<b> <font color='blue' font size = 4> ==> PASS</font></b> 
]]>
  </system-out>
</testsuite> <!-- grc_Module.Dashbaord -->
