<?xml version="1.0" encoding="UTF-8"?>
<!-- Generated by org.testng.reporters.JUnitReportReporter -->
<testsuite hostname="DESKTOP-LHQEHTF" failures="0" tests="14" name="grc_Module.Login" time="14.546" errors="0" timestamp="2023-01-02T15:29:16 IST" skipped="0">
  <testcase classname="grc_Module.Login" name="test04_checkNullPassword" time="0.353"/>
  <system-out>
    <![CDATA[CHECKING LOGIN PAGE USING NULL PASSWORD<b> <font color='#40E314' font size = 4> ==> PASS</font></b> 
]]>
  </system-out>
  <testcase classname="grc_Module.Login" name="test09_checkCreateAccountPasswordNull" time="1.043"/>
  <system-out>
    <![CDATA[CHECKING CREATE ACCOUNT PAGE USING NULL PASSWORD<b> <font color='#40E314' font size = 4> ==> PASS</font></b> 
]]>
  </system-out>
  <testcase classname="grc_Module.Login" name="test12_checkCreateAccount" time="4.482"/>
  <system-out>
    <![CDATA[LOGIN DONE SUCCESSFULLY IN GRC WEB USING THE USERNAME 'mjeugnccakclzeh@gmail.com' AND PASSWORD 'Test786$'
<b> <font color='#40E314' font size = 4> ==> PASS</font></b> 
]]>
  </system-out>
  <testcase classname="grc_Module.Login" name="test02_checkNullEMailPassword" time="0.184"/>
  <system-out>
    <![CDATA[CHECKING LOGIN PAGE USING NULL EMAIL<b> <font color='#40E314' font size = 4> ==> PASS</font></b> 

CHECKING LOGIN PAGE USING NULL PASSWORD<b> <font color='#40E314' font size = 4> ==> PASS</font></b> 
]]>
  </system-out>
  <testcase classname="grc_Module.Login" name="test08_checkCreateAccountEmailInvalid" time="0.413"/>
  <system-out>
    <![CDATA[CHECKING CREATE ACCOUNT PAGE USING INVALID EMAIL 'khvjkb876&^)*'<b> <font color='#40E314' font size = 4> ==> PASS</font></b> 
]]>
  </system-out>
  <testcase classname="grc_Module.Login" name="test13_checkLogin" time="2.160"/>
  <system-out>
    <![CDATA[LOGIN DONE SUCCESSFULLY IN GRC WEB USING THE USERNAME 'automationtest@gmail.com' ANS PASSWORD 'Vakil@123'
<b> <font color='#40E314' font size = 4> ==> PASS</font></b> 
]]>
  </system-out>
  <testcase classname="grc_Module.Login" name="test06_checkInvalidPassword" time="0.445"/>
  <system-out>
    <![CDATA[CHECKING LOGIN PAGE USING INVALID PASSWORD 'Test786$'<b> <font color='#40E314' font size = 4> ==> PASS</font></b> 
]]>
  </system-out>
  <testcase classname="grc_Module.Login" name="test01_checkHTTPError" time="0.580"/>
  <system-out>
    <![CDATA[THERE IS NO BROKEN LINKS
<b> <font color='#40E314' font size = 4> ==> PASS</font></b> 
]]>
  </system-out>
  <testcase classname="grc_Module.Login" name="test07_checkCreateAccountEmailNull" time="0.836"/>
  <system-out>
    <![CDATA[CHECKING CREATE ACCOUNT PAGE USING NULL EMAIL<b> <font color='#40E314' font size = 4> ==> PASS</font></b> 
]]>
  </system-out>
  <testcase classname="grc_Module.Login" name="test11_checkCreateAccountDifPassword" time="1.217"/>
  <system-out>
    <![CDATA[CHECKING CREATE ACCOUNT PAGE USING MISMATCH PASSWORD 'Test786$' CONFIRM PASSWORD 'Test123$'<b> <font color='#40E314' font size = 4> ==> PASS</font></b> 
]]>
  </system-out>
  <testcase classname="grc_Module.Login" name="test03_checkNullEmail" time="0.338"/>
  <system-out>
    <![CDATA[CHECKING LOGIN PAGE USING NULL EMAIL<b> <font color='#40E314' font size = 4> ==> PASS</font></b> 
]]>
  </system-out>
  <testcase classname="grc_Module.Login" name="test14_checkHTTPErrorAfterLogin" time="0.354"/>
  <system-out>
    <![CDATA[THERE IS NO BROKEN LINKS
<b> <font color='#40E314' font size = 4> ==> PASS</font></b> 
]]>
  </system-out>
  <testcase classname="grc_Module.Login" name="test05_checkInvalidEmail" time="1.020"/>
  <system-out>
    <![CDATA[CHECKING LOGIN PAGE USING INVALID EMAIL 'automaerhgerhtiontest@gmail.com'<b> <font color='#40E314' font size = 4> ==> PASS</font></b> 
]]>
  </system-out>
  <testcase classname="grc_Module.Login" name="test10_checkCreateAccountPasswordLessChar" time="1.121"/>
  <system-out>
    <![CDATA[CHECKING CREATE ACCOUNT PAGE USING LESS THAN 6 CHARACTERS PASSWORD 'wetr'<b> <font color='#40E314' font size = 4> ==> PASS</font></b> 
]]>
  </system-out>
</testsuite> <!-- grc_Module.Login -->
