<?xml version="1.0" encoding="UTF-8"?>
<!-- Generated by org.testng.reporters.JUnitReportReporter -->
<testsuite hostname="DESKTOP-LHQEHTF" failures="0" tests="6" name="grc_Module.Home" time="9.730" errors="0" timestamp="2023-01-09T18:49:40 IST" skipped="0">
  <testcase classname="grc_Module.Home" name="test02_checkMyservicesList" time="2.129"/>
  <system-out>
    <![CDATA[CHECKING SERVICE NAMES AND STATUS FROM MY SERVICE LIST AND AFTER CLICKING SERVICE<b> <font color='#40E314' font size = 4> ==> PASS</font></b> 
]]>
  </system-out>
  <testcase classname="grc_Module.Home" name="test05_checkComCalendarViewAll" time="1.903"/>
  <system-out>
    <![CDATA[CHECKING COMPLIANCE CALENDAR VIEW ALL NAVIGATION<b> <font color='#40E314' font size = 4> ==> PASS</font></b> 
]]>
  </system-out>
  <testcase classname="grc_Module.Home" name="test03_checkMyservicesViewAll" time="0.917"/>
  <system-out>
    <![CDATA[CHECKING MY SERVICES VIEW ALL NAVIGATION<b> <font color='#40E314' font size = 4> ==> PASS</font></b> 
]]>
  </system-out>
  <testcase classname="grc_Module.Home" name="test04_checkRecservicesViewAll" time="1.433"/>
  <system-out>
    <![CDATA[CHECKING RECOMMENDED SERVICES VIEW ALL NAVIGATION<b> <font color='#40E314' font size = 4> ==> PASS</font></b> 
]]>
  </system-out>
  <testcase classname="grc_Module.Home" name="test06_checkPopularServicesViewAll" time="1.392"/>
  <system-out>
    <![CDATA[CHECKING POPULAR SERVICES VIEW ALL NAVIGATION<b> <font color='#40E314' font size = 4> ==> PASS</font></b> 
]]>
  </system-out>
  <testcase classname="grc_Module.Home" name="test01_checkLogin" time="1.956"/>
  <system-out>
    <![CDATA[LOGIN DONE SUCCESSFULLY IN GRC WEB USING THE USERNAME 'automationtest@gmail.com' AND PASSWORD 'Vakil@123'
<b> <font color='#40E314' font size = 4> ==> PASS</font></b> 
]]>
  </system-out>
</testsuite> <!-- grc_Module.Home -->
