<?xml version="1.0" encoding="UTF-8"?>
<!-- Generated by org.testng.reporters.JUnitReportReporter -->
<testsuite hostname="DESKTOP-LHQEHTF" failures="0" tests="1" name="grc_Module.Login" time="1.956" errors="0" timestamp="2022-12-30T06:40:22 IST" skipped="0">
  <testcase classname="grc_Module.Login" name="test11_checkCreateAccountDifPassword" time="1.956"/>
  <system-out>
    <![CDATA[CHECKING CREATE ACCOUNT PAGE USING MISMATCH PASSWORD 'Test786$' CONFIRM PASSWORD 'Test123$'<b> <font color='green' font size = 4> ==> PASS</font></b> 
]]>
  </system-out>
</testsuite> <!-- grc_Module.Login -->
