<?xml version="1.0" encoding="UTF-8"?>
<!-- Generated by org.testng.reporters.JUnitReportReporter -->
<testsuite hostname="DESKTOP-LHQEHTF" failures="0" tests="1" name="grc_Module.Myservices" time="6.411" errors="0" timestamp="2022-12-13T11:22:57 IST" skipped="0">
  <testcase classname="grc_Module.Myservices" name="test01_checkLogin" time="6.411"/>
  <system-out/>
</testsuite> <!-- grc_Module.Myservices -->
