<?xml version="1.0" encoding="UTF-8"?>
<!-- Generated by org.testng.reporters.JUnitReportReporter -->
<testsuite hostname="DESKTOP-LHQEHTF" failures="0" tests="4" name="grc_Module.Login" time="136.680" errors="0" timestamp="2022-12-21T11:31:28 IST" skipped="0">
  <testcase classname="grc_Module.Login" name="test01_checkHTTPError" time="5.015"/>
  <system-out>
    <![CDATA[There is no broken links 
<b> <font color='blue' font size = 4> ==> PASS</font></b> 
]]>
  </system-out>
  <testcase classname="grc_Module.Login" name="test02_checkLogin" time="7.268"/>
  <system-out>
    <![CDATA[Login done successfully in grc web using the username 'automationtest@gmail.com'
<b> <font color='blue' font size = 4> ==> PASS</font></b> 
]]>
  </system-out>
  <testcase classname="grc_Module.Login" name="test03_checkHTTPErrorAfterLogin" time="37.108"/>
  <system-out>
    <![CDATA[There is no broken links 
<b> <font color='blue' font size = 4> ==> PASS</font></b> 
]]>
  </system-out>
  <testcase classname="grc_Module.Login" name="test04_checkMenuClicks" time="87.289"/>
  <system-out>
    <![CDATA[There is no 404,502, server issue, in 'left side navigaiton' pages 
<b> <font color='blue' font size = 4> ==> PASS</font></b> 

There is no 404,502, server issue, in 'right top side navigaiton' pages 
<b> <font color='blue' font size = 4> ==> PASS</font></b> 

There is no 404,502, server issue, in 'my services sub navigaiton' pages 
<b> <font color='blue' font size = 4> ==> PASS</font></b> 

There is no 404,502, server issue, in 'my payment sub navigaiton' pages 
<b> <font color='blue' font size = 4> ==> PASS</font></b> 

There is no 404,502, server issue, in 'settings' page 
<b> <font color='blue' font size = 4> ==> PASS</font></b> 
]]>
  </system-out>
</testsuite> <!-- grc_Module.Login -->
