<?xml version="1.0" encoding="UTF-8"?>
<!-- Generated by org.testng.reporters.JUnitReportReporter -->
<testsuite hostname="DESKTOP-LHQEHTF" failures="0" tests="8" name="grc_Module.Login" time="107.377" errors="0" timestamp="2022-12-22T18:17:46 IST" skipped="0">
  <testcase classname="grc_Module.Login" name="test01_checkHTTPError" time="2.928"/>
  <system-out>
    <![CDATA[There is no broken links 
<b> <font color='blue' font size = 4> ==> PASS</font></b> 
]]>
  </system-out>
  <testcase classname="grc_Module.Login" name="test02_checkLogin" time="6.858"/>
  <system-out>
    <![CDATA[Login done successfully in grc web using the username 'automationtest@gmail.com'
<b> <font color='blue' font size = 4> ==> PASS</font></b> 
]]>
  </system-out>
  <testcase classname="grc_Module.Login" name="test03_checkHTTPErrorAfterLogin" time="8.885"/>
  <system-out>
    <![CDATA[There is no broken links 
<b> <font color='blue' font size = 4> ==> PASS</font></b> 
]]>
  </system-out>
  <testcase classname="grc_Module.Login" name="test04_checkMenuClicksLeftNav" time="26.484"/>
  <system-out>
    <![CDATA[There is no 404,502, server issue, in 'left side navigaiton' pages 
<b> <font color='blue' font size = 4> ==> PASS</font></b> 
]]>
  </system-out>
  <testcase classname="grc_Module.Login" name="test05_checkMenuClicksTopRightNav" time="24.049"/>
  <system-out>
    <![CDATA[There is no 404,502, server issue, in 'top right side navigaiton' pages 
<b> <font color='blue' font size = 4> ==> PASS</font></b> 
]]>
  </system-out>
  <testcase classname="grc_Module.Login" name="test06_checkMenuClicksMyServicesSubNav" time="14.786"/>
  <system-out>
    <![CDATA[There is no 404,502, server issue, in 'my services sub navigaiton' pages 
<b> <font color='blue' font size = 4> ==> PASS</font></b> 
]]>
  </system-out>
  <testcase classname="grc_Module.Login" name="test07_checkMenuClicksPaymentsSubNav" time="6.567"/>
  <system-out>
    <![CDATA[There is no 404,502, server issue, in 'my payment sub navigaiton' pages 
<b> <font color='blue' font size = 4> ==> PASS</font></b> 
]]>
  </system-out>
  <testcase classname="grc_Module.Login" name="test08_checkMenuClicksSettingsNav" time="16.820"/>
  <system-out>
    <![CDATA[There is no 404,502, server issue, in 'settings' pages 
<b> <font color='blue' font size = 4> ==> PASS</font></b> 
]]>
  </system-out>
</testsuite> <!-- grc_Module.Login -->
