<?xml version="1.0" encoding="UTF-8"?>
<!-- Generated by org.testng.reporters.JUnitReportReporter -->
<testsuite hostname="DESKTOP-LHQEHTF" failures="0" tests="1" name="grc_Module.Login" time="1.731" errors="0" timestamp="2022-12-29T19:57:01 IST" skipped="0">
  <testcase classname="grc_Module.Login" name="test09_checkCreateAccountPasswordNull" time="1.731"/>
  <system-out>
    <![CDATA[CHECKING CREATE ACCOUNT PAGE USING NULL PASSWORD<b> <font color='blue' font size = 4> ==> PASS</font></b> 
]]>
  </system-out>
</testsuite> <!-- grc_Module.Login -->
