<?xml version="1.0" encoding="UTF-8"?>
<!-- Generated by org.testng.reporters.JUnitReportReporter -->
<testsuite hostname="DESKTOP-LHQEHTF" failures="0" tests="1" name="grc_Module.Login" time="2.784" errors="0" timestamp="2022-12-08T13:36:28 IST" skipped="0">
  <testcase classname="grc_Module.Login" name="test01_checkLogin" time="2.784"/>
  <system-out>
    <![CDATA[CHECKING NULL EMAIL AND PASSWORD<b> <font color='blue' font size = 4> ==> PASS</font></b>]]>
  </system-out>
</testsuite> <!-- grc_Module.Login -->
