<?xml version="1.0" encoding="UTF-8"?>
<!-- Generated by org.testng.reporters.JUnitReportReporter -->
<testsuite hostname="DESKTOP-LHQEHTF" failures="0" tests="2" name="grc_Module.Login" time="66.343" errors="0" timestamp="2022-12-15T19:46:03 IST" skipped="0">
  <testcase classname="grc_Module.Login" name="test02_checkLogin" time="4.120"/>
  <system-out>
    <![CDATA[LOGIN DONE SUCCESSFULLY IN GRC WEB USING THE USERNAME 'AUTOMATIONTEST@GMAIL.COM'<b> <font color='blue' font size = 4> ==> PASS</font></b> 
]]>
  </system-out>
  <testcase classname="grc_Module.Login" name="test04_checkMenuClicks" time="62.223"/>
  <system-out>
    <![CDATA[THERE IS NO BROKEN LINKS IN THE LOGIN PAGE<b> <font color='blue' font size = 4> ==> PASS</font></b> 

THERE IS NO BROKEN LINKS IN THE LOGIN PAGE<b> <font color='blue' font size = 4> ==> PASS</font></b> 

THERE IS NO BROKEN LINKS IN THE LOGIN PAGE<b> <font color='blue' font size = 4> ==> PASS</font></b> 

THERE IS NO BROKEN LINKS IN THE LOGIN PAGE<b> <font color='blue' font size = 4> ==> PASS</font></b> 
]]>
  </system-out>
</testsuite> <!-- grc_Module.Login -->
